<?xml version="1.0" encoding="UTF-8"?>
<testng-results ignored="0" total="2" passed="2" failed="0" skipped="0">
  <reporter-output>
  </reporter-output>
  <suite started-at="2019-04-21T00:07:35Z" name="nopcommerceSuite" finished-at="2019-04-21T00:08:02Z" duration-ms="27362">
    <groups>
    </groups>
    <test started-at="2019-04-21T00:07:35Z" name="chrometest" finished-at="2019-04-21T00:08:02Z" duration-ms="27362">
      <class name="com.nopcommerce.testCases.TC_LoginTest_001">
        <test-method is-config="true" signature="setUp(java.lang.String)[pri:0, instance:com.nopcommerce.testCases.TC_LoginTest_001@6aba2b86]" started-at="2019-04-21T00:07:35Z" name="setUp" finished-at="2019-04-21T00:07:40Z" duration-ms="4490" status="PASS">
          <params>
            <param index="0">
              <value>
                <![CDATA[chrome]]>
              </value>
            </param>
          </params>
          <reporter-output>
          </reporter-output>
        </test-method> <!-- setUp -->
        <test-method signature="LoginTest()[pri:0, instance:com.nopcommerce.testCases.TC_LoginTest_001@6aba2b86]" started-at="2019-04-21T00:07:40Z" name="LoginTest" finished-at="2019-04-21T00:07:44Z" duration-ms="4239" status="PASS">
          <reporter-output>
          </reporter-output>
        </test-method> <!-- LoginTest -->
        <test-method is-config="true" signature="tearDown()[pri:0, instance:com.nopcommerce.testCases.TC_LoginTest_001@6aba2b86]" started-at="2019-04-21T00:07:44Z" name="tearDown" finished-at="2019-04-21T00:07:44Z" duration-ms="125" status="PASS">
          <reporter-output>
          </reporter-output>
        </test-method> <!-- tearDown -->
      </class> <!-- com.nopcommerce.testCases.TC_LoginTest_001 -->
      <class name="com.nopcommerce.testCases.TC_AddCustomerTest_003">
        <test-method is-config="true" signature="setUp(java.lang.String)[pri:0, instance:com.nopcommerce.testCases.TC_AddCustomerTest_003@158da8e]" started-at="2019-04-21T00:07:44Z" name="setUp" finished-at="2019-04-21T00:07:47Z" duration-ms="3497" status="PASS">
          <params>
            <param index="0">
              <value>
                <![CDATA[chrome]]>
              </value>
            </param>
          </params>
          <reporter-output>
          </reporter-output>
        </test-method> <!-- setUp -->
        <test-method signature="addCutomer()[pri:0, instance:com.nopcommerce.testCases.TC_AddCustomerTest_003@158da8e]" started-at="2019-04-21T00:07:47Z" name="addCutomer" finished-at="2019-04-21T00:08:00Z" duration-ms="12620" status="PASS">
          <reporter-output>
          </reporter-output>
        </test-method> <!-- addCutomer -->
        <test-method is-config="true" signature="tearDown()[pri:0, instance:com.nopcommerce.testCases.TC_AddCustomerTest_003@158da8e]" started-at="2019-04-21T00:08:00Z" name="tearDown" finished-at="2019-04-21T00:08:02Z" duration-ms="2104" status="PASS">
          <reporter-output>
          </reporter-output>
        </test-method> <!-- tearDown -->
      </class> <!-- com.nopcommerce.testCases.TC_AddCustomerTest_003 -->
    </test> <!-- chrometest -->
  </suite> <!-- nopcommerceSuite -->
</testng-results>
