<?xml version="1.0" encoding="UTF-8"?>
<testng-results ignored="0" total="2" passed="2" failed="0" skipped="0">
  <reporter-output>
  </reporter-output>
  <suite started-at="2019-11-06T01:45:09Z" name="nopcommerceSuite" finished-at="2019-11-06T01:45:35Z" duration-ms="25563">
    <groups>
    </groups>
    <test started-at="2019-11-06T01:45:09Z" name="chrometest" finished-at="2019-11-06T01:45:35Z" duration-ms="25563">
      <class name="com.nopcommerce.testCases.TC_LoginTest_001">
        <test-method is-config="true" signature="setUp(java.lang.String)[pri:0, instance:com.nopcommerce.testCases.TC_LoginTest_001@6aba2b86]" started-at="2019-11-06T01:45:10Z" name="setUp" finished-at="2019-11-06T01:45:14Z" duration-ms="4091" status="PASS">
          <params>
            <param index="0">
              <value>
                <![CDATA[chrome]]>
              </value>
            </param>
          </params>
          <reporter-output>
          </reporter-output>
        </test-method> <!-- setUp -->
        <test-method signature="LoginTest()[pri:0, instance:com.nopcommerce.testCases.TC_LoginTest_001@6aba2b86]" started-at="2019-11-06T01:45:14Z" name="LoginTest" finished-at="2019-11-06T01:45:18Z" duration-ms="4160" status="PASS">
          <reporter-output>
          </reporter-output>
        </test-method> <!-- LoginTest -->
        <test-method is-config="true" signature="tearDown()[pri:0, instance:com.nopcommerce.testCases.TC_LoginTest_001@6aba2b86]" started-at="2019-11-06T01:45:18Z" name="tearDown" finished-at="2019-11-06T01:45:20Z" duration-ms="2065" status="PASS">
          <reporter-output>
          </reporter-output>
        </test-method> <!-- tearDown -->
      </class> <!-- com.nopcommerce.testCases.TC_LoginTest_001 -->
      <class name="com.nopcommerce.testCases.TC_AddCustomerTest_003">
        <test-method is-config="true" signature="setUp(java.lang.String)[pri:0, instance:com.nopcommerce.testCases.TC_AddCustomerTest_003@158da8e]" started-at="2019-11-06T01:45:20Z" name="setUp" finished-at="2019-11-06T01:45:23Z" duration-ms="3260" status="PASS">
          <params>
            <param index="0">
              <value>
                <![CDATA[chrome]]>
              </value>
            </param>
          </params>
          <reporter-output>
          </reporter-output>
        </test-method> <!-- setUp -->
        <test-method signature="addCutomer()[pri:0, instance:com.nopcommerce.testCases.TC_AddCustomerTest_003@158da8e]" started-at="2019-11-06T01:45:23Z" name="addCutomer" finished-at="2019-11-06T01:45:35Z" duration-ms="11602" status="PASS">
          <reporter-output>
          </reporter-output>
        </test-method> <!-- addCutomer -->
        <test-method is-config="true" signature="tearDown()[pri:0, instance:com.nopcommerce.testCases.TC_AddCustomerTest_003@158da8e]" started-at="2019-11-06T01:45:35Z" name="tearDown" finished-at="2019-11-06T01:45:35Z" duration-ms="102" status="PASS">
          <reporter-output>
          </reporter-output>
        </test-method> <!-- tearDown -->
      </class> <!-- com.nopcommerce.testCases.TC_AddCustomerTest_003 -->
    </test> <!-- chrometest -->
  </suite> <!-- nopcommerceSuite -->
</testng-results>
