<?xml version="1.0" encoding="UTF-8"?>
<testng-results ignored="0" total="2" passed="2" failed="0" skipped="0">
  <reporter-output>
  </reporter-output>
  <suite started-at="2019-11-06T01:41:12Z" name="nopcommerceSuite" finished-at="2019-11-06T01:41:46Z" duration-ms="33970">
    <groups>
    </groups>
    <test started-at="2019-11-06T01:41:12Z" name="chrometest" finished-at="2019-11-06T01:41:46Z" duration-ms="33970">
      <class name="com.nopcommerce.testCases.TC_LoginTest_001">
        <test-method is-config="true" signature="setUp(java.lang.String)[pri:0, instance:com.nopcommerce.testCases.TC_LoginTest_001@385e9564]" started-at="2019-11-06T01:41:13Z" name="setUp" finished-at="2019-11-06T01:41:17Z" duration-ms="4202" status="PASS">
          <params>
            <param index="0">
              <value>
                <![CDATA[chrome]]>
              </value>
            </param>
          </params>
          <reporter-output>
          </reporter-output>
        </test-method> <!-- setUp -->
        <test-method signature="LoginTest()[pri:0, instance:com.nopcommerce.testCases.TC_LoginTest_001@385e9564]" started-at="2019-11-06T01:41:17Z" name="LoginTest" finished-at="2019-11-06T01:41:23Z" duration-ms="6032" status="PASS">
          <reporter-output>
          </reporter-output>
        </test-method> <!-- LoginTest -->
        <test-method is-config="true" signature="tearDown()[pri:0, instance:com.nopcommerce.testCases.TC_LoginTest_001@385e9564]" started-at="2019-11-06T01:41:23Z" name="tearDown" finished-at="2019-11-06T01:41:23Z" duration-ms="230" status="PASS">
          <reporter-output>
          </reporter-output>
        </test-method> <!-- tearDown -->
      </class> <!-- com.nopcommerce.testCases.TC_LoginTest_001 -->
      <class name="com.nopcommerce.testCases.TC_AddCustomerTest_003">
        <test-method is-config="true" signature="setUp(java.lang.String)[pri:0, instance:com.nopcommerce.testCases.TC_AddCustomerTest_003@5b94b04d]" started-at="2019-11-06T01:41:23Z" name="setUp" finished-at="2019-11-06T01:41:26Z" duration-ms="3468" status="PASS">
          <params>
            <param index="0">
              <value>
                <![CDATA[chrome]]>
              </value>
            </param>
          </params>
          <reporter-output>
          </reporter-output>
        </test-method> <!-- setUp -->
        <test-method signature="addCutomer()[pri:0, instance:com.nopcommerce.testCases.TC_AddCustomerTest_003@5b94b04d]" started-at="2019-11-06T01:41:26Z" name="addCutomer" finished-at="2019-11-06T01:41:46Z" duration-ms="19478" status="PASS">
          <reporter-output>
          </reporter-output>
        </test-method> <!-- addCutomer -->
        <test-method is-config="true" signature="tearDown()[pri:0, instance:com.nopcommerce.testCases.TC_AddCustomerTest_003@5b94b04d]" started-at="2019-11-06T01:41:46Z" name="tearDown" finished-at="2019-11-06T01:41:46Z" duration-ms="164" status="PASS">
          <reporter-output>
          </reporter-output>
        </test-method> <!-- tearDown -->
      </class> <!-- com.nopcommerce.testCases.TC_AddCustomerTest_003 -->
    </test> <!-- chrometest -->
  </suite> <!-- nopcommerceSuite -->
</testng-results>
