<?xml version="1.0" encoding="UTF-8"?>
<!-- Generated by org.testng.reporters.JUnitXMLReporter -->
<testsuite hostname="DESKTOP-OD52FIN" ignored="0" name="chrome test" tests="1" failures="1" timestamp="18 Apr 2019 03:08:36 GMT" time="5.58" errors="0">
  <testcase name="LoginTest" time="1.737" classname="com.nopcommerce.testCases.TC_LoginTest_001">
    <failure type="java.lang.IllegalArgumentException" message="Keys to send should be a not null CharSequence">
      <![CDATA[java.lang.IllegalArgumentException: Keys to send should be a not null CharSequence
at org.openqa.selenium.remote.RemoteWebElement.sendKeys(RemoteWebElement.java:97)
at org.openqa.selenium.support.pagefactory.internal.LocatingElementHandler.invoke(LocatingElementHandler.java:51)
at com.sun.proxy.$Proxy11.sendKeys(Unknown Source)
at com.nopcommerce.pageObjects.LoginPage.SetUserName(LoginPage.java:38)
at com.nopcommerce.testCases.TC_LoginTest_001.LoginTest(TC_LoginTest_001.java:21)
at java.util.concurrent.FutureTask.run(Unknown Source)
at java.util.concurrent.ThreadPoolExecutor.runWorker(Unknown Source)
at java.util.concurrent.ThreadPoolExecutor$Worker.run(Unknown Source)
at java.lang.Thread.run(Unknown Source)
... Removed 20 stack frames]]>
    </failure>
  </testcase> <!-- LoginTest -->
</testsuite> <!-- chrome test -->
